2019/11/12 13:15:14.469 [I] [nps.go:64]  the version of server is 0.23.2 ,allow client version to be 0.21.0
2019/11/12 13:15:14.471 [I] [connection.go:36]  server start, the bridge type is tcp, the bridge port is 8024
2019/11/12 13:15:14.472 [I] [server.go:191]  tunnel task ubuntu_vbox start mode：tcp port 2211
2019/11/12 13:15:14.472 [I] [server.go:191]  tunnel task raspberry start mode：tcp port 2212
2019/11/12 13:15:14.472 [I] [server.go:191]  tunnel task  start mode：httpHostServer port 0
2019/11/12 13:15:14.472 [I] [connection.go:71]  web management start, access port is 9090
2019/11/12 13:15:14.487 [I] [connection.go:62]  start https listener, port is 4443
2019/11/12 13:15:14.502 [I] [connection.go:53]  start http listener, port is 88
2019/11/12 13:16:11.618 [I] [bridge.go:233]  clientId 4 connection succeeded, address:110.184.179.192:30419 
2019/11/12 13:44:20.925 [N] [http.go:137]  the url http  / can't be parsed!
2020/02/17 22:08:39.211 [I] [nps.go:64]  the version of server is 0.23.2 ,allow client version to be 0.21.0
2020/02/17 22:08:39.213 [I] [server.go:191]  tunnel task ubuntu_vbox start mode：tcp port 2211
2020/02/17 22:08:39.213 [I] [server.go:191]  tunnel task raspberry start mode：tcp port 2212
2020/02/17 22:08:39.213 [I] [server.go:191]  tunnel task  start mode：httpHostServer port 0
2020/02/17 22:08:39.213 [I] [connection.go:71]  web management start, access port is 9090
2020/02/17 22:08:39.213 [I] [connection.go:36]  server start, the bridge type is tcp, the bridge port is 8024
2020/02/17 22:08:39.231 [I] [connection.go:62]  start https listener, port is 4443
2020/02/17 22:08:39.247 [I] [connection.go:53]  start http listener, port is 88
2020/02/18 04:06:11.486 [N] [https.go:111]  the url  can't be parsed!
2020/02/18 04:06:13.324 [N] [https.go:111]  the url  can't be parsed!
2020/02/18 07:30:36.478 [D] [router.go:925]  |185.216.140.186|[97;43m 404 [0m|    287.315µs| nomatch|[97;44m GET     [0m /cache/global/img/gs.gif
2020/02/18 07:59:36.430 [N] [https.go:111]  the url  can't be parsed!
2020/02/18 09:21:11.097 [N] [http.go:137]  the url http ip.ws.126.net:443 ip.ws.126.net:443 can't be parsed!
